Using pre-set license
Built from '2020.3/staging' branch; Version is '2020.3.26f1 (7298b473bc1a) revision 7510196'; Using compiler version '192528614'; Build Type 'Release'
OS: 'Windows 10  (10.0.19044) 64bit Core' Language: 'en' Physical Memory: 32680 MB
BatchMode: 1, IsHumanControllingUs: 0, StartBugReporterOnCrash: 0, Is64bit: 1, IsPro: 0

COMMAND LINE ARGUMENTS:
C:\Program Files\Unity\Hub\Editor\2020.3.26f1\Editor\Unity.exe
-adb2
-batchMode
-noUpm
-name
AssetImportWorker0
-projectPath
E:/UnityClass/IntermediateClass/JTran_IndependentProject
-logFile
Logs/AssetImportWorker0.log
-srvPort
57121
Successfully changed project path to: E:/UnityClass/IntermediateClass/JTran_IndependentProject
E:/UnityClass/IntermediateClass/JTran_IndependentProject
Using Asset Import Pipeline V2.
Refreshing native plugins compatible for Editor in 67.55 ms, found 3 plugins.
Preloading 0 native plugins for Editor in 0.00 ms.
Initialize engine version: 2020.3.26f1 (7298b473bc1a)
[Subsystems] Discovering subsystems at path C:/Program Files/Unity/Hub/Editor/2020.3.26f1/Editor/Data/Resources/UnitySubsystems
[Subsystems] Discovering subsystems at path E:/UnityClass/IntermediateClass/JTran_IndependentProject/Assets
GfxDevice: creating device client; threaded=0
Direct3D:
    Version:  Direct3D 11.0 [level 11.1]
    Renderer: NVIDIA GeForce RTX 2070 (ID=0x1f02)
    Vendor:   
    VRAM:     8031 MB
    Driver:   30.0.14.7212
Initialize mono
Mono path[0] = 'C:/Program Files/Unity/Hub/Editor/2020.3.26f1/Editor/Data/Managed'
Mono path[1] = 'C:/Program Files/Unity/Hub/Editor/2020.3.26f1/Editor/Data/MonoBleedingEdge/lib/mono/unityjit'
Mono config path = 'C:/Program Files/Unity/Hub/Editor/2020.3.26f1/Editor/Data/MonoBleedingEdge/etc'
Using monoOptions --debugger-agent=transport=dt_socket,embedding=1,server=y,suspend=n,address=127.0.0.1:56400
Begin MonoManager ReloadAssembly
Registering precompiled unity dll's ...
Register platform support module: C:/Program Files/Unity/Hub/Editor/2020.3.26f1/Editor/Data/PlaybackEngines/WebGLSupport/UnityEditor.WebGL.Extensions.dll
Register platform support module: C:/Program Files/Unity/Hub/Editor/2020.3.26f1/Editor/Data/PlaybackEngines/WindowsStandaloneSupport/UnityEditor.WindowsStandalone.Extensions.dll
Registered in 0.002149 seconds.
Native extension for WindowsStandalone target not found
Native extension for WebGL target not found
Refreshing native plugins compatible for Editor in 70.13 ms, found 3 plugins.
Preloading 0 native plugins for Editor in 0.00 ms.
Mono: successfully reloaded assembly
- Completed reload, in  0.510 seconds
Domain Reload Profiling:
	ReloadAssembly (510ms)
		BeginReloadAssembly (44ms)
			ExecutionOrderSort (0ms)
			DisableScriptedObjects (0ms)
			BackupInstance (0ms)
			ReleaseScriptingObjects (0ms)
			CreateAndSetChildDomain (1ms)
		EndReloadAssembly (402ms)
			LoadAssemblies (43ms)
			RebuildTransferFunctionScriptingTraits (0ms)
			SetupTypeCache (122ms)
			ReleaseScriptCaches (0ms)
			RebuildScriptCaches (25ms)
			SetupLoadedEditorAssemblies (172ms)
				LogAssemblyErrors (0ms)
				InitializePlatformSupportModulesInManaged (4ms)
				SetLoadedEditorAssemblies (0ms)
				RefreshPlugins (70ms)
				BeforeProcessingInitializeOnLoad (11ms)
				ProcessInitializeOnLoadAttributes (65ms)
				ProcessInitializeOnLoadMethodAttributes (21ms)
				AfterProcessingInitializeOnLoad (0ms)
				EditorAssembliesLoaded (0ms)
			ExecutionOrderSort2 (0ms)
			AwakeInstancesAfterBackupRestoration (0ms)
Platform modules already initialized, skipping
Registering precompiled user dll's ...
Registered in 0.003092 seconds.
Begin MonoManager ReloadAssembly
Native extension for WindowsStandalone target not found
Native extension for WebGL target not found
Refreshing native plugins compatible for Editor in 73.72 ms, found 3 plugins.
Preloading 0 native plugins for Editor in 0.00 ms.
Mono: successfully reloaded assembly
- Completed reload, in  1.012 seconds
Domain Reload Profiling:
	ReloadAssembly (1013ms)
		BeginReloadAssembly (123ms)
			ExecutionOrderSort (0ms)
			DisableScriptedObjects (4ms)
			BackupInstance (0ms)
			ReleaseScriptingObjects (0ms)
			CreateAndSetChildDomain (18ms)
		EndReloadAssembly (836ms)
			LoadAssemblies (79ms)
			RebuildTransferFunctionScriptingTraits (0ms)
			SetupTypeCache (271ms)
			ReleaseScriptCaches (1ms)
			RebuildScriptCaches (47ms)
			SetupLoadedEditorAssemblies (338ms)
				LogAssemblyErrors (0ms)
				InitializePlatformSupportModulesInManaged (4ms)
				SetLoadedEditorAssemblies (0ms)
				RefreshPlugins (74ms)
				BeforeProcessingInitializeOnLoad (83ms)
				ProcessInitializeOnLoadAttributes (158ms)
				ProcessInitializeOnLoadMethodAttributes (13ms)
				AfterProcessingInitializeOnLoad (6ms)
				EditorAssembliesLoaded (0ms)
			ExecutionOrderSort2 (0ms)
			AwakeInstancesAfterBackupRestoration (5ms)
Platform modules already initialized, skipping
========================================================================
Worker process is ready to serve import requests
Launched and connected shader compiler UnityShaderCompiler.exe after 0.05 seconds
Refreshing native plugins compatible for Editor in 1.06 ms, found 3 plugins.
Preloading 0 native plugins for Editor in 0.00 ms.
Unloading 3309 Unused Serialized files (Serialized files now loaded: 0)
System memory in use before: 159.8 MB.
System memory in use after: 160.0 MB.

Unloading 29 unused Assets to reduce memory usage. Loaded Objects now: 3770.
Total: 3.712200 ms (FindLiveObjects: 0.350500 ms CreateObjectMapping: 0.090300 ms MarkObjects: 3.183400 ms  DeleteObjects: 0.086700 ms)

AssetImportParameters requested are different than current active one (requested -> active):
  custom:framework-win-MediaFoundation: 216162199b28c13a410421893ffa2e32 -> 
  custom:video-decoder-ogg-theora: a1e56fd34408186e4bbccfd4996cb3dc -> 
  custom:container-muxer-webm: aa71ff27fc2769a1b78a27578f13a17b -> 
  custom:container-demuxer-webm: 4f35f7cbe854078d1ac9338744f61a02 -> 
  custom:container-demuxer-ogg: 62fdf1f143b41e24485cea50d1cbac27 -> 
  custom:video-encoder-webm-vp8: eb34c28f22e8b96e1ab97ce403110664 -> 
  custom:video-decoder-webm-vp8: 9c59270c3fd7afecdb556c50c9e8de78 -> 
  custom:audio-decoder-ogg-vorbis: bf7c407c2cedff20999df2af8eb42d56 -> 
  custom:audio-encoder-webm-vorbis: bf7c407c2cedff20999df2af8eb42d56 -> 
========================================================================
Received Import Request.
  path: Assets/amusedART
  artifactKey: Guid(f6520e11bdbfb674abbf53b99ea532ae) Importer(815301076,1909f56bfc062723c751e8b465ee728b)
Start importing Assets/amusedART using Guid(f6520e11bdbfb674abbf53b99ea532ae) Importer(815301076,1909f56bfc062723c751e8b465ee728b)  -> (artifact id: '1a47ac3eed01a8fe6e3c8245b790fd32') in 0.009984 seconds 
  Import took 0.015069 seconds .

========================================================================
Received Import Request.
  Time since last request: 1.595716 seconds.
  path: Assets/Scenes/New Map.unity
  artifactKey: Guid(d031fcd9ec2fd90489eaa272a2c25e3e) Importer(815301076,1909f56bfc062723c751e8b465ee728b)
Start importing Assets/Scenes/New Map.unity using Guid(d031fcd9ec2fd90489eaa272a2c25e3e) Importer(815301076,1909f56bfc062723c751e8b465ee728b)  -> (artifact id: '01304ff674e091470fcddc29a5ae1888') in 0.015734 seconds 
  Import took 0.020803 seconds .

========================================================================
Received Import Request.
  Time since last request: 11.079308 seconds.
  path: Assets/Scenes/New Map
  artifactKey: Guid(bc9cfad1230640649b7b51f85d752788) Importer(815301076,1909f56bfc062723c751e8b465ee728b)
Start importing Assets/Scenes/New Map using Guid(bc9cfad1230640649b7b51f85d752788) Importer(815301076,1909f56bfc062723c751e8b465ee728b)  -> (artifact id: 'e0c9604671791dc6bfe18d02d362a738') in 0.006726 seconds 
  Import took 0.011953 seconds .

========================================================================
Received Import Request.
  Time since last request: 0.118054 seconds.
  path: Assets/Scenes/New Map/NavMesh-NavMesh 1.asset
  artifactKey: Guid(9a84f1cfe625ffa4f94715e66b4597c3) Importer(815301076,1909f56bfc062723c751e8b465ee728b)
Start importing Assets/Scenes/New Map/NavMesh-NavMesh 1.asset using Guid(9a84f1cfe625ffa4f94715e66b4597c3) Importer(815301076,1909f56bfc062723c751e8b465ee728b)  -> (artifact id: 'f5b63e28cef2fbc4c63ab00a8feaa5b9') in 0.027262 seconds 
  Import took 0.032549 seconds .

========================================================================
Received Import Request.
  Time since last request: 0.000204 seconds.
  path: Assets/Scenes/New Map/NavMesh-NavMesh 5.asset
  artifactKey: Guid(f7dcc4fa92b767d439eeb7cd46e780bf) Importer(815301076,1909f56bfc062723c751e8b465ee728b)
Start importing Assets/Scenes/New Map/NavMesh-NavMesh 5.asset using Guid(f7dcc4fa92b767d439eeb7cd46e780bf) Importer(815301076,1909f56bfc062723c751e8b465ee728b)  -> (artifact id: '0d26f9fa13d98fd4cf82fd40c7ffefb9') in 0.005809 seconds 
  Import took 0.010282 seconds .

========================================================================
Received Import Request.
  Time since last request: 0.000216 seconds.
  path: Assets/Scenes/New Map/NavMesh-NavMesh.asset
  artifactKey: Guid(5a54ff5417ed4924db41130432ecf161) Importer(815301076,1909f56bfc062723c751e8b465ee728b)
Start importing Assets/Scenes/New Map/NavMesh-NavMesh.asset using Guid(5a54ff5417ed4924db41130432ecf161) Importer(815301076,1909f56bfc062723c751e8b465ee728b)  -> (artifact id: 'f654cfa2f6607ed49d2a1735bce46158') in 0.007707 seconds 
  Import took 0.012572 seconds .

========================================================================
Received Import Request.
  Time since last request: 0.000200 seconds.
  path: Assets/Scenes/New Map/NavMesh-NavMesh 3.asset
  artifactKey: Guid(cab8da04f71423449aaff026b4a1168f) Importer(815301076,1909f56bfc062723c751e8b465ee728b)
Start importing Assets/Scenes/New Map/NavMesh-NavMesh 3.asset using Guid(cab8da04f71423449aaff026b4a1168f) Importer(815301076,1909f56bfc062723c751e8b465ee728b)  -> (artifact id: 'e4975ea809f5ae1c869b7c4499fd5ee2') in 0.007342 seconds 
  Import took 0.011811 seconds .

========================================================================
Received Import Request.
  Time since last request: 0.000167 seconds.
  path: Assets/Scenes/New Map/NavMesh-NavMesh 4.asset
  artifactKey: Guid(94cc0180300a04b48baeb80a32c7017e) Importer(815301076,1909f56bfc062723c751e8b465ee728b)
Start importing Assets/Scenes/New Map/NavMesh-NavMesh 4.asset using Guid(94cc0180300a04b48baeb80a32c7017e) Importer(815301076,1909f56bfc062723c751e8b465ee728b)  -> (artifact id: '735f4c4a2121ae39b4426e6b8d17e467') in 0.008147 seconds 
  Import took 0.012556 seconds .

========================================================================
Received Import Request.
  Time since last request: 0.000196 seconds.
  path: Assets/Scenes/New Map/NavMesh-NavMesh 2.asset
  artifactKey: Guid(243b05a77e3be9146b7bfe605b349249) Importer(815301076,1909f56bfc062723c751e8b465ee728b)
Start importing Assets/Scenes/New Map/NavMesh-NavMesh 2.asset using Guid(243b05a77e3be9146b7bfe605b349249) Importer(815301076,1909f56bfc062723c751e8b465ee728b)  -> (artifact id: '9d579975de7e04b518a552d26871f0a7') in 0.007895 seconds 
  Import took 0.012961 seconds .

AssetImportWorkerClient::OnTransportError - code=2 error=End of file
